#
# There is insufficient memory for the Java Runtime Environment to continue.
# Native memory allocation (malloc) failed to allocate 32744 bytes for ChunkPool::allocate
# Possible reasons:
#   The system is out of physical RAM or swap space
#   The process is running with CompressedOops enabled, and the Java Heap may be blocking the growth of the native heap
# Possible solutions:
#   Reduce memory load on the system
#   Increase physical memory or swap space
#   Check if swap backing store is full
#   Decrease Java heap size (-Xmx/-Xms)
#   Decrease number of Java threads
#   Decrease Java thread stack sizes (-Xss)
#   Set larger code cache with -XX:ReservedCodeCacheSize=
#   JVM is running with Unscaled Compressed Oops mode in which the Java heap is
#     placed in the first 4GB address space. The Java Heap base address is the
#     maximum limit for the native heap growth. Please use -XX:HeapBaseMinAddress
#     to set the Java Heap base and to place the Java Heap above 4GB virtual address.
# This output file may be truncated or incomplete.
#
#  Out of Memory Error (arena.cpp:78), pid=25300, tid=27808
#
# JRE version: OpenJDK Runtime Environment JBR-17.0.7+7-1000.6-jcef (17.0.7+7) (build 17.0.7+7-b1000.6)
# Java VM: OpenJDK 64-Bit Server VM JBR-17.0.7+7-1000.6-jcef (17.0.7+7-b1000.6, mixed mode, tiered, compressed oops, compressed class ptrs, g1 gc, windows-amd64)
# No core dump will be written. Minidumps are not enabled by default on client versions of Windows
#

---------------  S U M M A R Y ------------

Command Line: -Djava.rmi.server.hostname=127.0.0.1 -Duser.timezone=UTC -Xmx2048m -Xms128m -Dhttp.proxyHost=localhost -Dhttp.proxyPort=80 -Dhttps.proxyHost=localhost -Dhttps.proxyPort=80 -Dhttp.nonProxyHosts=localhost|127.0.0.1 -Dhttps.nonProxyHosts=localhost|127.0.0.1 -Djna.boot.library.path=E:\Program Files\JetBrains\PhpStorm 2023.2/lib/jna/amd64 -Djna.nosys=true -Djna.noclasspath=true -Djdbc.classpath=E:\Program Files\JetBrains\PhpStorm 2023.2\plugins\DatabaseTools\lib\jdbc-console.jar;C:\Users\Krzychu\AppData\Roaming\JetBrains\PhpStorm2023.2\jdbc-drivers\PostgreSQL\42.6.0\org\postgresql\postgresql\42.6.0\postgresql-42.6.0.jar;C:\Users\Krzychu\AppData\Roaming\JetBrains\PhpStorm2023.2\jdbc-drivers\PostgreSQL\42.6.0\org\checkerframework\checker-qual\3.31.0\checker-qual-3.31.0.jar;C:\Users\Krzychu\AppData\Roaming\JetBrains\PhpStorm2023.2\jdbc-drivers\PostgreSQL\42.6.0\com\github\waffle\waffle-jna\1.9.1\waffle-jna-1.9.1.jar;C:\Users\Krzychu\AppData\Roaming\JetBrains\PhpStorm2023.2\jdbc-drivers\PostgreSQL\42.6.0\net\java\dev\jna\jna\4.5.1\jna-4.5.1.jar;C:\Users\Krzychu\AppData\Roaming\JetBrains\PhpStorm2023.2\jdbc-drivers\PostgreSQL\42.6.0\net\java\dev\jna\jna-platform\4.5.1\jna-platform-4.5.1.jar;C:\Users\Krzychu\AppData\Roaming\JetBrains\PhpStorm2023.2\jdbc-drivers\PostgreSQL\42.6.0\org\slf4j\jcl-over-slf4j\1.7.25\jcl-over-slf4j-1.7.25.jar;C:\Users\Krzychu\AppData\Roaming\JetBrains\PhpStorm2023.2\jdbc-drivers\PostgreSQL\42.6.0\org\slf4j\slf4j-api\1.7.25\slf4j-api-1.7.25.jar;C:\Users\Krzychu\AppData\Roaming\JetBrains\PhpStorm2023.2\jdbc-drivers\PostgreSQL\42.6.0\com\github\ben-manes\caffeine\caffeine\2.6.2\caffeine-2.6.2.jar --add-exports=java.desktop/sun.awt=ALL-UNNAMED --add-exports=java.desktop/java.awt.peer=ALL-UNNAMED --add-opens=java.desktop/java.awt=ALL-UNNAMED --add-opens=jdk.unsupported/sun.misc=ALL-UNNAMED --add-opens=java.base/java.nio=ALL-UNNAMED --add-opens=java.base/java.util=ALL-UNNAMED -Dfile.encoding=UTF-8 -Xmx2048M com.intellij.database.remote.RemoteJdbcServer org.postgresql.Driver

Host: Intel(R) Core(TM) i7-9750H CPU @ 2.60GHz, 12 cores, 31G,  Windows 10 , 64 bit Build 19041 (10.0.19041.2546)
Time: Wed Feb 12 04:58:52 2025 Central European Standard Time elapsed time: 23.858708 seconds (0d 0h 0m 23s)

---------------  T H R E A D  ---------------

Current thread (0x0000025b28ba3370):  JavaThread "C2 CompilerThread0" daemon [_thread_in_native, id=27808, stack(0x000000b1f8700000,0x000000b1f8800000)]


Current CompileTask:
C2:  23864 2591       4       java.io.ObjectInputStream::readClassDesc (121 bytes)

Stack: [0x000000b1f8700000,0x000000b1f8800000]
Native frames: (J=compiled Java code, j=interpreted, Vv=VM code, C=native code)
V  [jvm.dll+0x683bfa]
V  [jvm.dll+0x8430a4]
V  [jvm.dll+0x8449be]
V  [jvm.dll+0x845023]
V  [jvm.dll+0x24ad2f]
V  [jvm.dll+0xac47c]
V  [jvm.dll+0xac82c]
V  [jvm.dll+0x66211f]
V  [jvm.dll+0x7a61c]
V  [jvm.dll+0x691c6f]
V  [jvm.dll+0x691194]
V  [jvm.dll+0x1a927c]
V  [jvm.dll+0x1a9e46]
V  [jvm.dll+0x2b13a4]
V  [jvm.dll+0x69bfe5]
V  [jvm.dll+0x693fab]
V  [jvm.dll+0x6935e7]
V  [jvm.dll+0x6914e2]
V  [jvm.dll+0x1a927c]
V  [jvm.dll+0x2b13a4]
V  [jvm.dll+0x69bfe5]
V  [jvm.dll+0x693fab]
V  [jvm.dll+0x6935e7]
V  [jvm.dll+0x6914e2]
V  [jvm.dll+0x1a927c]
V  [jvm.dll+0x2b13a4]
V  [jvm.dll+0x69bfe5]
V  [jvm.dll+0x693fab]
V  [jvm.dll+0x6935e7]
V  [jvm.dll+0x6914e2]
V  [jvm.dll+0x1a927c]
V  [jvm.dll+0x2b13a4]
V  [jvm.dll+0x69bfe5]
V  [jvm.dll+0x693fab]
V  [jvm.dll+0x6935e7]
V  [jvm.dll+0x6914e2]
V  [jvm.dll+0x1a927c]
V  [jvm.dll+0x2b13a4]
V  [jvm.dll+0x69bfe5]
V  [jvm.dll+0x693fab]
V  [jvm.dll+0x6935e7]
V  [jvm.dll+0x6914e2]
V  [jvm.dll+0x1a927c]
V  [jvm.dll+0x2b13a4]
V  [jvm.dll+0x69bfe5]
V  [jvm.dll+0x693fab]
V  [jvm.dll+0x6935e7]
V  [jvm.dll+0x6914e2]
V  [jvm.dll+0x1a927c]
V  [jvm.dll+0x2b13a4]
V  [jvm.dll+0x69bfe5]
V  [jvm.dll+0x693fab]
V  [jvm.dll+0x6935e7]
V  [jvm.dll+0x6914e2]
V  [jvm.dll+0x1a927c]
V  [jvm.dll+0x1a9e46]
V  [jvm.dll+0x2b13a4]
V  [jvm.dll+0x69bfe5]
V  [jvm.dll+0x693fab]
V  [jvm.dll+0x6935e7]
V  [jvm.dll+0x6914e2]
V  [jvm.dll+0x1a927c]
V  [jvm.dll+0x2b13a4]
V  [jvm.dll+0x69bfe5]
V  [jvm.dll+0x693fab]
V  [jvm.dll+0x6935e7]
V  [jvm.dll+0x6914e2]
V  [jvm.dll+0x1a927c]
V  [jvm.dll+0x1a9e46]
V  [jvm.dll+0x1a9e46]
V  [jvm.dll+0x2b13a4]
V  [jvm.dll+0x69bfe5]
V  [jvm.dll+0x693fab]
V  [jvm.dll+0x6935e7]
V  [jvm.dll+0x6914e2]
V  [jvm.dll+0x1a927c]
V  [jvm.dll+0x1a9e46]
V  [jvm.dll+0x2b13a4]
V  [jvm.dll+0x69bfe5]
V  [jvm.dll+0x693fab]
V  [jvm.dll+0x6935e7]
V  [jvm.dll+0x6914e2]
V  [jvm.dll+0x1a927c]
V  [jvm.dll+0x21c238]
V  [jvm.dll+0x1a605d]
V  [jvm.dll+0x22c148]
V  [jvm.dll+0x22a209]
V  [jvm.dll+0x7f858c]
V  [jvm.dll+0x7f2aea]
V  [jvm.dll+0x682a35]
C  [ucrtbase.dll+0x21bb2]
C  [KERNEL32.DLL+0x17614]
C  [ntdll.dll+0x526a1]


---------------  P R O C E S S  ---------------

Threads class SMR info:
_java_thread_list=0x0000025b2dec4fc0, length=24, elements={
0x0000025b0e4b0c40, 0x0000025b28b79650, 0x0000025b28b7a2d0, 0x0000025b28ba0a70,
0x0000025b28ba1330, 0x0000025b28ba1ce0, 0x0000025b28ba2690, 0x0000025b28ba3370,
0x0000025b28ba3e10, 0x0000025b28bc9890, 0x0000025b28d62960, 0x0000025b28d63240,
0x0000025b2d24deb0, 0x0000025b2d243e70, 0x0000025b2d244340, 0x0000025b2d244810,
0x0000025b2d28a430, 0x0000025b2d28c920, 0x0000025b2d2f72b0, 0x0000025b2d321470,
0x0000025b2d2ca1e0, 0x0000025b2d2c7b60, 0x0000025b2d2c9840, 0x0000025b2d2c71c0
}

Java Threads: ( => current thread )
  0x0000025b0e4b0c40 JavaThread "main" [_thread_blocked, id=29172, stack(0x000000b1f7a00000,0x000000b1f7b00000)]
  0x0000025b28b79650 JavaThread "Reference Handler" daemon [_thread_blocked, id=9240, stack(0x000000b1f8100000,0x000000b1f8200000)]
  0x0000025b28b7a2d0 JavaThread "Finalizer" daemon [_thread_blocked, id=28880, stack(0x000000b1f8200000,0x000000b1f8300000)]
  0x0000025b28ba0a70 JavaThread "Signal Dispatcher" daemon [_thread_blocked, id=29032, stack(0x000000b1f8300000,0x000000b1f8400000)]
  0x0000025b28ba1330 JavaThread "Attach Listener" daemon [_thread_blocked, id=22060, stack(0x000000b1f8400000,0x000000b1f8500000)]
  0x0000025b28ba1ce0 JavaThread "Service Thread" daemon [_thread_blocked, id=28676, stack(0x000000b1f8500000,0x000000b1f8600000)]
  0x0000025b28ba2690 JavaThread "Monitor Deflation Thread" daemon [_thread_blocked, id=29024, stack(0x000000b1f8600000,0x000000b1f8700000)]
=>0x0000025b28ba3370 JavaThread "C2 CompilerThread0" daemon [_thread_in_native, id=27808, stack(0x000000b1f8700000,0x000000b1f8800000)]
  0x0000025b28ba3e10 JavaThread "C1 CompilerThread0" daemon [_thread_blocked, id=28592, stack(0x000000b1f8800000,0x000000b1f8900000)]
  0x0000025b28bc9890 JavaThread "Sweeper thread" daemon [_thread_blocked, id=28616, stack(0x000000b1f8900000,0x000000b1f8a00000)]
  0x0000025b28d62960 JavaThread "Common-Cleaner" daemon [_thread_blocked, id=25056, stack(0x000000b1f8a00000,0x000000b1f8b00000)]
  0x0000025b28d63240 JavaThread "Notification Thread" daemon [_thread_blocked, id=25092, stack(0x000000b1f8b00000,0x000000b1f8c00000)]
  0x0000025b2d24deb0 JavaThread "RMI TCP Accept-41235" daemon [_thread_in_native, id=15732, stack(0x000000b1f8d00000,0x000000b1f8e00000)]
  0x0000025b2d243e70 JavaThread "RMI TCP Accept-0" daemon [_thread_in_native, id=19112, stack(0x000000b1f8e00000,0x000000b1f8f00000)]
  0x0000025b2d244340 JavaThread "RMI Reaper" [_thread_blocked, id=10276, stack(0x000000b1f8f00000,0x000000b1f9000000)]
  0x0000025b2d244810 JavaThread "RMI GC Daemon" daemon [_thread_blocked, id=23616, stack(0x000000b1f9000000,0x000000b1f9100000)]
  0x0000025b2d28a430 JavaThread "RMI TCP Connection(1)-127.0.0.1" daemon [_thread_in_native, id=24564, stack(0x000000b1f9100000,0x000000b1f9200000)]
  0x0000025b2d28c920 JavaThread "RMI TCP Connection(2)-127.0.0.1" daemon [_thread_in_native, id=16932, stack(0x000000b1f9200000,0x000000b1f9300000)]
  0x0000025b2d2f72b0 JavaThread "RMI Scheduler(0)" daemon [_thread_blocked, id=28056, stack(0x000000b1f9400000,0x000000b1f9500000)]
  0x0000025b2d321470 JavaThread "RMI TCP Connection(3)-127.0.0.1" daemon [_thread_in_native, id=15220, stack(0x000000b1f9500000,0x000000b1f9600000)]
  0x0000025b2d2ca1e0 JavaThread "RMI TCP Connection(4)-127.0.0.1" daemon [_thread_in_native, id=25840, stack(0x000000b1f9600000,0x000000b1f9700000)]
  0x0000025b2d2c7b60 JavaThread "RMI RenewClean-[127.0.0.1:4885]" daemon [_thread_blocked, id=27772, stack(0x000000b1f9700000,0x000000b1f9800000)]
  0x0000025b2d2c9840 JavaThread "PostgreSQL-JDBC-Cleaner" daemon [_thread_blocked, id=27948, stack(0x000000b1fa600000,0x000000b1fa700000)]
  0x0000025b2d2c71c0 JavaThread "RMI TCP Connection(5)-127.0.0.1" daemon [_thread_in_native, id=28308, stack(0x000000b1fa500000,0x000000b1fa600000)]

Other Threads:
  0x0000025b288fdc60 VMThread "VM Thread" [stack: 0x000000b1f8000000,0x000000b1f8100000] [id=15056]
  0x0000025b0e528ac0 WatcherThread [stack: 0x000000b1f8c00000,0x000000b1f8d00000] [id=28216]
  0x0000025b0e50d260 GCTaskThread "GC Thread#0" [stack: 0x000000b1f7b00000,0x000000b1f7c00000] [id=10556]
  0x0000025b2e4d3ce0 GCTaskThread "GC Thread#1" [stack: 0x000000b1f9300000,0x000000b1f9400000] [id=25572]
  0x0000025b2e4d3f90 GCTaskThread "GC Thread#2" [stack: 0x000000b1f9900000,0x000000b1f9a00000] [id=24952]
  0x0000025b2de58500 GCTaskThread "GC Thread#3" [stack: 0x000000b1f9a00000,0x000000b1f9b00000] [id=28956]
  0x0000025b2d8f2d90 GCTaskThread "GC Thread#4" [stack: 0x000000b1f9b00000,0x000000b1f9c00000] [id=7292]
  0x0000025b2dfc1e70 GCTaskThread "GC Thread#5" [stack: 0x000000b1f9c00000,0x000000b1f9d00000] [id=22604]
  0x0000025b2dfc2b40 GCTaskThread "GC Thread#6" [stack: 0x000000b1f9d00000,0x000000b1f9e00000] [id=16560]
  0x0000025b2dfc2df0 GCTaskThread "GC Thread#7" [stack: 0x000000b1f9e00000,0x000000b1f9f00000] [id=28504]
  0x0000025b2dfc78c0 GCTaskThread "GC Thread#8" [stack: 0x000000b1f9f00000,0x000000b1fa000000] [id=27712]
  0x0000025b2dfc7f80 GCTaskThread "GC Thread#9" [stack: 0x000000b1fa000000,0x000000b1fa100000] [id=22912]
  0x0000025b0e51e1a0 ConcurrentGCThread "G1 Main Marker" [stack: 0x000000b1f7c00000,0x000000b1f7d00000] [id=29392]
  0x0000025b0e51f350 ConcurrentGCThread "G1 Conc#0" [stack: 0x000000b1f7d00000,0x000000b1f7e00000] [id=28220]
  0x0000025b2de5cc30 ConcurrentGCThread "G1 Conc#1" [stack: 0x000000b1fa100000,0x000000b1fa200000] [id=20376]
  0x0000025b2dfc8510 ConcurrentGCThread "G1 Conc#2" [stack: 0x000000b1fa300000,0x000000b1fa400000] [id=22384]
  0x0000025b28769650 ConcurrentGCThread "G1 Refine#0" [stack: 0x000000b1f7e00000,0x000000b1f7f00000] [id=28556]
  0x0000025b2dfc8230 ConcurrentGCThread "G1 Refine#1" [stack: 0x000000b1fa200000,0x000000b1fa300000] [id=11644]
  0x0000025b2de54030 ConcurrentGCThread "G1 Refine#2" [stack: 0x000000b1fa400000,0x000000b1fa500000] [id=27812]
  0x0000025b28769f80 ConcurrentGCThread "G1 Service" [stack: 0x000000b1f7f00000,0x000000b1f8000000] [id=28912]

Threads with active compile tasks:
C2 CompilerThread0    23971 2591       4       java.io.ObjectInputStream::readClassDesc (121 bytes)

VM state: not at safepoint (normal execution)

VM Mutex/Monitor currently owned by a thread: None

Heap address: 0x0000000080000000, size: 2048 MB, Compressed Oops mode: 32-bit

CDS archive(s) not mapped
Compressed class space mapped at: 0x0000000100000000-0x0000000140000000, reserved size: 1073741824
Narrow klass base: 0x0000000000000000, Narrow klass shift: 3, Narrow klass range: 0x140000000

GC Precious Log:
 CPUs: 12 total, 12 available
 Memory: 32610M
 Large Page Support: Disabled
 NUMA Support: Disabled
 Compressed Oops: Enabled (32-bit)
 Heap Region Size: 1M
 Heap Min Capacity: 128M
 Heap Initial Capacity: 128M
 Heap Max Capacity: 2G
 Pre-touch: Disabled
 Parallel Workers: 10
 Concurrent Workers: 3
 Concurrent Refinement Workers: 10
 Periodic GC: Disabled

Heap:
 garbage-first heap   total 131072K, used 29513K [0x0000000080000000, 0x0000000100000000)
  region size 1024K, 22 young (22528K), 2 survivors (2048K)
 Metaspace       used 24257K, committed 24576K, reserved 1114112K
  class space    used 2557K, committed 2752K, reserved 1048576K

Heap Regions: E=young(eden), S=young(survivor), O=old, HS=humongous(starts), HC=humongous(continues), CS=collection set, F=free, OA=open archive, CA=closed archive, TAMS=top-at-mark-start (previous, next)
|   0|0x0000000080000000, 0x0000000080100000, 0x0000000080100000|100%|HS|  |TAMS 0x0000000080100000, 0x0000000080000000| Complete 
|   1|0x0000000080100000, 0x0000000080200000, 0x0000000080200000|100%|HC|  |TAMS 0x0000000080200000, 0x0000000080100000| Complete 
|   2|0x0000000080200000, 0x0000000080300000, 0x0000000080300000|100%|HS|  |TAMS 0x0000000080300000, 0x0000000080200000| Complete 
|   3|0x0000000080300000, 0x0000000080400000, 0x0000000080400000|100%| O|  |TAMS 0x0000000080300000, 0x0000000080300000| Untracked 
|   4|0x0000000080400000, 0x0000000080500000, 0x0000000080500000|100%| O|  |TAMS 0x0000000080400000, 0x0000000080400000| Untracked 
|   5|0x0000000080500000, 0x0000000080600000, 0x0000000080600000|100%| O|  |TAMS 0x0000000080500000, 0x0000000080500000| Untracked 
|   6|0x0000000080600000, 0x0000000080700000, 0x0000000080700000|100%| O|  |TAMS 0x0000000080600000, 0x0000000080600000| Untracked 
|   7|0x0000000080700000, 0x0000000080800000, 0x0000000080800000|100%| O|  |TAMS 0x0000000080700000, 0x0000000080700000| Untracked 
|   8|0x0000000080800000, 0x000000008084da00, 0x0000000080900000| 30%| O|  |TAMS 0x0000000080800000, 0x0000000080800000| Untracked 
|   9|0x0000000080900000, 0x0000000080900000, 0x0000000080a00000|  0%| F|  |TAMS 0x0000000080900000, 0x0000000080900000| Untracked 
|  10|0x0000000080a00000, 0x0000000080a00000, 0x0000000080b00000|  0%| F|  |TAMS 0x0000000080a00000, 0x0000000080a00000| Untracked 
|  11|0x0000000080b00000, 0x0000000080b00000, 0x0000000080c00000|  0%| F|  |TAMS 0x0000000080b00000, 0x0000000080b00000| Untracked 
|  12|0x0000000080c00000, 0x0000000080c00000, 0x0000000080d00000|  0%| F|  |TAMS 0x0000000080c00000, 0x0000000080c00000| Untracked 
|  13|0x0000000080d00000, 0x0000000080d00000, 0x0000000080e00000|  0%| F|  |TAMS 0x0000000080d00000, 0x0000000080d00000| Untracked 
|  14|0x0000000080e00000, 0x0000000080e00000, 0x0000000080f00000|  0%| F|  |TAMS 0x0000000080e00000, 0x0000000080e00000| Untracked 
|  15|0x0000000080f00000, 0x0000000080f00000, 0x0000000081000000|  0%| F|  |TAMS 0x0000000080f00000, 0x0000000080f00000| Untracked 
|  16|0x0000000081000000, 0x0000000081000000, 0x0000000081100000|  0%| F|  |TAMS 0x0000000081000000, 0x0000000081000000| Untracked 
|  17|0x0000000081100000, 0x0000000081100000, 0x0000000081200000|  0%| F|  |TAMS 0x0000000081100000, 0x0000000081100000| Untracked 
|  18|0x0000000081200000, 0x0000000081200000, 0x0000000081300000|  0%| F|  |TAMS 0x0000000081200000, 0x0000000081200000| Untracked 
|  19|0x0000000081300000, 0x0000000081300000, 0x0000000081400000|  0%| F|  |TAMS 0x0000000081300000, 0x0000000081300000| Untracked 
|  20|0x0000000081400000, 0x0000000081400000, 0x0000000081500000|  0%| F|  |TAMS 0x0000000081400000, 0x0000000081400000| Untracked 
|  21|0x0000000081500000, 0x0000000081500000, 0x0000000081600000|  0%| F|  |TAMS 0x0000000081500000, 0x0000000081500000| Untracked 
|  22|0x0000000081600000, 0x0000000081600000, 0x0000000081700000|  0%| F|  |TAMS 0x0000000081600000, 0x0000000081600000| Untracked 
|  23|0x0000000081700000, 0x0000000081700000, 0x0000000081800000|  0%| F|  |TAMS 0x0000000081700000, 0x0000000081700000| Untracked 
|  24|0x0000000081800000, 0x0000000081800000, 0x0000000081900000|  0%| F|  |TAMS 0x0000000081800000, 0x0000000081800000| Untracked 
|  25|0x0000000081900000, 0x0000000081900000, 0x0000000081a00000|  0%| F|  |TAMS 0x0000000081900000, 0x0000000081900000| Untracked 
|  26|0x0000000081a00000, 0x0000000081a00000, 0x0000000081b00000|  0%| F|  |TAMS 0x0000000081a00000, 0x0000000081a00000| Untracked 
|  27|0x0000000081b00000, 0x0000000081b00000, 0x0000000081c00000|  0%| F|  |TAMS 0x0000000081b00000, 0x0000000081b00000| Untracked 
|  28|0x0000000081c00000, 0x0000000081c00000, 0x0000000081d00000|  0%| F|  |TAMS 0x0000000081c00000, 0x0000000081c00000| Untracked 
|  29|0x0000000081d00000, 0x0000000081d00000, 0x0000000081e00000|  0%| F|  |TAMS 0x0000000081d00000, 0x0000000081d00000| Untracked 
|  30|0x0000000081e00000, 0x0000000081e00000, 0x0000000081f00000|  0%| F|  |TAMS 0x0000000081e00000, 0x0000000081e00000| Untracked 
|  31|0x0000000081f00000, 0x0000000081f00000, 0x0000000082000000|  0%| F|  |TAMS 0x0000000081f00000, 0x0000000081f00000| Untracked 
|  32|0x0000000082000000, 0x0000000082000000, 0x0000000082100000|  0%| F|  |TAMS 0x0000000082000000, 0x0000000082000000| Untracked 
|  33|0x0000000082100000, 0x0000000082100000, 0x0000000082200000|  0%| F|  |TAMS 0x0000000082100000, 0x0000000082100000| Untracked 
|  34|0x0000000082200000, 0x0000000082200000, 0x0000000082300000|  0%| F|  |TAMS 0x0000000082200000, 0x0000000082200000| Untracked 
|  35|0x0000000082300000, 0x0000000082300000, 0x0000000082400000|  0%| F|  |TAMS 0x0000000082300000, 0x0000000082300000| Untracked 
|  36|0x0000000082400000, 0x0000000082400000, 0x0000000082500000|  0%| F|  |TAMS 0x0000000082400000, 0x0000000082400000| Untracked 
|  37|0x0000000082500000, 0x0000000082500000, 0x0000000082600000|  0%| F|  |TAMS 0x0000000082500000, 0x0000000082500000| Untracked 
|  38|0x0000000082600000, 0x0000000082600000, 0x0000000082700000|  0%| F|  |TAMS 0x0000000082600000, 0x0000000082600000| Untracked 
|  39|0x0000000082700000, 0x0000000082700000, 0x0000000082800000|  0%| F|  |TAMS 0x0000000082700000, 0x0000000082700000| Untracked 
|  40|0x0000000082800000, 0x0000000082800000, 0x0000000082900000|  0%| F|  |TAMS 0x0000000082800000, 0x0000000082800000| Untracked 
|  41|0x0000000082900000, 0x0000000082900000, 0x0000000082a00000|  0%| F|  |TAMS 0x0000000082900000, 0x0000000082900000| Untracked 
|  42|0x0000000082a00000, 0x0000000082a00000, 0x0000000082b00000|  0%| F|  |TAMS 0x0000000082a00000, 0x0000000082a00000| Untracked 
|  43|0x0000000082b00000, 0x0000000082b00000, 0x0000000082c00000|  0%| F|  |TAMS 0x0000000082b00000, 0x0000000082b00000| Untracked 
|  44|0x0000000082c00000, 0x0000000082c00000, 0x0000000082d00000|  0%| F|  |TAMS 0x0000000082c00000, 0x0000000082c00000| Untracked 
|  45|0x0000000082d00000, 0x0000000082d00000, 0x0000000082e00000|  0%| F|  |TAMS 0x0000000082d00000, 0x0000000082d00000| Untracked 
|  46|0x0000000082e00000, 0x0000000082e00000, 0x0000000082f00000|  0%| F|  |TAMS 0x0000000082e00000, 0x0000000082e00000| Untracked 
|  47|0x0000000082f00000, 0x0000000082f00000, 0x0000000083000000|  0%| F|  |TAMS 0x0000000082f00000, 0x0000000082f00000| Untracked 
|  48|0x0000000083000000, 0x0000000083000000, 0x0000000083100000|  0%| F|  |TAMS 0x0000000083000000, 0x0000000083000000| Untracked 
|  49|0x0000000083100000, 0x0000000083100000, 0x0000000083200000|  0%| F|  |TAMS 0x0000000083100000, 0x0000000083100000| Untracked 
|  50|0x0000000083200000, 0x0000000083200000, 0x0000000083300000|  0%| F|  |TAMS 0x0000000083200000, 0x0000000083200000| Untracked 
|  51|0x0000000083300000, 0x0000000083300000, 0x0000000083400000|  0%| F|  |TAMS 0x0000000083300000, 0x0000000083300000| Untracked 
|  52|0x0000000083400000, 0x0000000083400000, 0x0000000083500000|  0%| F|  |TAMS 0x0000000083400000, 0x0000000083400000| Untracked 
|  53|0x0000000083500000, 0x0000000083500000, 0x0000000083600000|  0%| F|  |TAMS 0x0000000083500000, 0x0000000083500000| Untracked 
|  54|0x0000000083600000, 0x0000000083600000, 0x0000000083700000|  0%| F|  |TAMS 0x0000000083600000, 0x0000000083600000| Untracked 
|  55|0x0000000083700000, 0x0000000083700000, 0x0000000083800000|  0%| F|  |TAMS 0x0000000083700000, 0x0000000083700000| Untracked 
|  56|0x0000000083800000, 0x0000000083800000, 0x0000000083900000|  0%| F|  |TAMS 0x0000000083800000, 0x0000000083800000| Untracked 
|  57|0x0000000083900000, 0x0000000083900000, 0x0000000083a00000|  0%| F|  |TAMS 0x0000000083900000, 0x0000000083900000| Untracked 
|  58|0x0000000083a00000, 0x0000000083a00000, 0x0000000083b00000|  0%| F|  |TAMS 0x0000000083a00000, 0x0000000083a00000| Untracked 
|  59|0x0000000083b00000, 0x0000000083b00000, 0x0000000083c00000|  0%| F|  |TAMS 0x0000000083b00000, 0x0000000083b00000| Untracked 
|  60|0x0000000083c00000, 0x0000000083c00000, 0x0000000083d00000|  0%| F|  |TAMS 0x0000000083c00000, 0x0000000083c00000| Untracked 
|  61|0x0000000083d00000, 0x0000000083d00000, 0x0000000083e00000|  0%| F|  |TAMS 0x0000000083d00000, 0x0000000083d00000| Untracked 
|  62|0x0000000083e00000, 0x0000000083e00000, 0x0000000083f00000|  0%| F|  |TAMS 0x0000000083e00000, 0x0000000083e00000| Untracked 
|  63|0x0000000083f00000, 0x0000000083f00000, 0x0000000084000000|  0%| F|  |TAMS 0x0000000083f00000, 0x0000000083f00000| Untracked 
|  64|0x0000000084000000, 0x0000000084000000, 0x0000000084100000|  0%| F|  |TAMS 0x0000000084000000, 0x0000000084000000| Untracked 
|  65|0x0000000084100000, 0x0000000084100000, 0x0000000084200000|  0%| F|  |TAMS 0x0000000084100000, 0x0000000084100000| Untracked 
|  66|0x0000000084200000, 0x0000000084200000, 0x0000000084300000|  0%| F|  |TAMS 0x0000000084200000, 0x0000000084200000| Untracked 
|  67|0x0000000084300000, 0x0000000084300000, 0x0000000084400000|  0%| F|  |TAMS 0x0000000084300000, 0x0000000084300000| Untracked 
|  68|0x0000000084400000, 0x0000000084400000, 0x0000000084500000|  0%| F|  |TAMS 0x0000000084400000, 0x0000000084400000| Untracked 
|  69|0x0000000084500000, 0x0000000084500000, 0x0000000084600000|  0%| F|  |TAMS 0x0000000084500000, 0x0000000084500000| Untracked 
|  70|0x0000000084600000, 0x0000000084600000, 0x0000000084700000|  0%| F|  |TAMS 0x0000000084600000, 0x0000000084600000| Untracked 
|  71|0x0000000084700000, 0x0000000084700000, 0x0000000084800000|  0%| F|  |TAMS 0x0000000084700000, 0x0000000084700000| Untracked 
|  72|0x0000000084800000, 0x0000000084800000, 0x0000000084900000|  0%| F|  |TAMS 0x0000000084800000, 0x0000000084800000| Untracked 
|  73|0x0000000084900000, 0x0000000084900000, 0x0000000084a00000|  0%| F|  |TAMS 0x0000000084900000, 0x0000000084900000| Untracked 
|  74|0x0000000084a00000, 0x0000000084a00000, 0x0000000084b00000|  0%| F|  |TAMS 0x0000000084a00000, 0x0000000084a00000| Untracked 
|  75|0x0000000084b00000, 0x0000000084b00000, 0x0000000084c00000|  0%| F|  |TAMS 0x0000000084b00000, 0x0000000084b00000| Untracked 
|  76|0x0000000084c00000, 0x0000000084c00000, 0x0000000084d00000|  0%| F|  |TAMS 0x0000000084c00000, 0x0000000084c00000| Untracked 
|  77|0x0000000084d00000, 0x0000000084d00000, 0x0000000084e00000|  0%| F|  |TAMS 0x0000000084d00000, 0x0000000084d00000| Untracked 
|  78|0x0000000084e00000, 0x0000000084e00000, 0x0000000084f00000|  0%| F|  |TAMS 0x0000000084e00000, 0x0000000084e00000| Untracked 
|  79|0x0000000084f00000, 0x0000000084f00000, 0x0000000085000000|  0%| F|  |TAMS 0x0000000084f00000, 0x0000000084f00000| Untracked 
|  80|0x0000000085000000, 0x0000000085000000, 0x0000000085100000|  0%| F|  |TAMS 0x0000000085000000, 0x0000000085000000| Untracked 
|  81|0x0000000085100000, 0x0000000085100000, 0x0000000085200000|  0%| F|  |TAMS 0x0000000085100000, 0x0000000085100000| Untracked 
|  82|0x0000000085200000, 0x0000000085200000, 0x0000000085300000|  0%| F|  |TAMS 0x0000000085200000, 0x0000000085200000| Untracked 
|  83|0x0000000085300000, 0x0000000085300000, 0x0000000085400000|  0%| F|  |TAMS 0x0000000085300000, 0x0000000085300000| Untracked 
|  84|0x0000000085400000, 0x0000000085400000, 0x0000000085500000|  0%| F|  |TAMS 0x0000000085400000, 0x0000000085400000| Untracked 
|  85|0x0000000085500000, 0x0000000085500000, 0x0000000085600000|  0%| F|  |TAMS 0x0000000085500000, 0x0000000085500000| Untracked 
|  86|0x0000000085600000, 0x0000000085600000, 0x0000000085700000|  0%| F|  |TAMS 0x0000000085600000, 0x0000000085600000| Untracked 
|  87|0x0000000085700000, 0x0000000085700000, 0x0000000085800000|  0%| F|  |TAMS 0x0000000085700000, 0x0000000085700000| Untracked 
|  88|0x0000000085800000, 0x0000000085800000, 0x0000000085900000|  0%| F|  |TAMS 0x0000000085800000, 0x0000000085800000| Untracked 
|  89|0x0000000085900000, 0x0000000085900000, 0x0000000085a00000|  0%| F|  |TAMS 0x0000000085900000, 0x0000000085900000| Untracked 
|  90|0x0000000085a00000, 0x0000000085a00000, 0x0000000085b00000|  0%| F|  |TAMS 0x0000000085a00000, 0x0000000085a00000| Untracked 
|  91|0x0000000085b00000, 0x0000000085b00000, 0x0000000085c00000|  0%| F|  |TAMS 0x0000000085b00000, 0x0000000085b00000| Untracked 
|  92|0x0000000085c00000, 0x0000000085c00000, 0x0000000085d00000|  0%| F|  |TAMS 0x0000000085c00000, 0x0000000085c00000| Untracked 
|  93|0x0000000085d00000, 0x0000000085d00000, 0x0000000085e00000|  0%| F|  |TAMS 0x0000000085d00000, 0x0000000085d00000| Untracked 
|  94|0x0000000085e00000, 0x0000000085e00000, 0x0000000085f00000|  0%| F|  |TAMS 0x0000000085e00000, 0x0000000085e00000| Untracked 
|  95|0x0000000085f00000, 0x0000000085f00000, 0x0000000086000000|  0%| F|  |TAMS 0x0000000085f00000, 0x0000000085f00000| Untracked 
|  96|0x0000000086000000, 0x0000000086000000, 0x0000000086100000|  0%| F|  |TAMS 0x0000000086000000, 0x0000000086000000| Untracked 
|  97|0x0000000086100000, 0x0000000086100000, 0x0000000086200000|  0%| F|  |TAMS 0x0000000086100000, 0x0000000086100000| Untracked 
|  98|0x0000000086200000, 0x0000000086200000, 0x0000000086300000|  0%| F|  |TAMS 0x0000000086200000, 0x0000000086200000| Untracked 
|  99|0x0000000086300000, 0x0000000086300000, 0x0000000086400000|  0%| F|  |TAMS 0x0000000086300000, 0x0000000086300000| Untracked 
| 100|0x0000000086400000, 0x0000000086400000, 0x0000000086500000|  0%| F|  |TAMS 0x0000000086400000, 0x0000000086400000| Untracked 
| 101|0x0000000086500000, 0x0000000086500000, 0x0000000086600000|  0%| F|  |TAMS 0x0000000086500000, 0x0000000086500000| Untracked 
| 102|0x0000000086600000, 0x0000000086600000, 0x0000000086700000|  0%| F|  |TAMS 0x0000000086600000, 0x0000000086600000| Untracked 
| 103|0x0000000086700000, 0x0000000086700000, 0x0000000086800000|  0%| F|  |TAMS 0x0000000086700000, 0x0000000086700000| Untracked 
| 104|0x0000000086800000, 0x0000000086800000, 0x0000000086900000|  0%| F|  |TAMS 0x0000000086800000, 0x0000000086800000| Untracked 
| 105|0x0000000086900000, 0x0000000086900000, 0x0000000086a00000|  0%| F|  |TAMS 0x0000000086900000, 0x0000000086900000| Untracked 
| 106|0x0000000086a00000, 0x0000000086afb680, 0x0000000086b00000| 98%| E|  |TAMS 0x0000000086a00000, 0x0000000086a00000| Complete 
| 107|0x0000000086b00000, 0x0000000086c00000, 0x0000000086c00000|100%| E|CS|TAMS 0x0000000086b00000, 0x0000000086b00000| Complete 
| 108|0x0000000086c00000, 0x0000000086c84cd8, 0x0000000086d00000| 51%| S|CS|TAMS 0x0000000086c00000, 0x0000000086c00000| Complete 
| 109|0x0000000086d00000, 0x0000000086e00000, 0x0000000086e00000|100%| S|CS|TAMS 0x0000000086d00000, 0x0000000086d00000| Complete 
| 110|0x0000000086e00000, 0x0000000086f00000, 0x0000000086f00000|100%| E|CS|TAMS 0x0000000086e00000, 0x0000000086e00000| Complete 
| 111|0x0000000086f00000, 0x0000000087000000, 0x0000000087000000|100%| E|CS|TAMS 0x0000000086f00000, 0x0000000086f00000| Complete 
| 112|0x0000000087000000, 0x0000000087100000, 0x0000000087100000|100%| E|CS|TAMS 0x0000000087000000, 0x0000000087000000| Complete 
| 113|0x0000000087100000, 0x0000000087200000, 0x0000000087200000|100%| E|CS|TAMS 0x0000000087100000, 0x0000000087100000| Complete 
| 114|0x0000000087200000, 0x0000000087300000, 0x0000000087300000|100%| E|CS|TAMS 0x0000000087200000, 0x0000000087200000| Complete 
| 115|0x0000000087300000, 0x0000000087400000, 0x0000000087400000|100%| E|CS|TAMS 0x0000000087300000, 0x0000000087300000| Complete 
| 116|0x0000000087400000, 0x0000000087500000, 0x0000000087500000|100%| E|CS|TAMS 0x0000000087400000, 0x0000000087400000| Complete 
| 117|0x0000000087500000, 0x0000000087600000, 0x0000000087600000|100%| E|CS|TAMS 0x0000000087500000, 0x0000000087500000| Complete 
| 118|0x0000000087600000, 0x0000000087700000, 0x0000000087700000|100%| E|CS|TAMS 0x0000000087600000, 0x0000000087600000| Complete 
| 119|0x0000000087700000, 0x0000000087800000, 0x0000000087800000|100%| E|CS|TAMS 0x0000000087700000, 0x0000000087700000| Complete 
| 120|0x0000000087800000, 0x0000000087900000, 0x0000000087900000|100%| E|CS|TAMS 0x0000000087800000, 0x0000000087800000| Complete 
| 121|0x0000000087900000, 0x0000000087a00000, 0x0000000087a00000|100%| E|CS|TAMS 0x0000000087900000, 0x0000000087900000| Complete 
| 122|0x0000000087a00000, 0x0000000087b00000, 0x0000000087b00000|100%| E|CS|TAMS 0x0000000087a00000, 0x0000000087a00000| Complete 
| 123|0x0000000087b00000, 0x0000000087c00000, 0x0000000087c00000|100%| E|CS|TAMS 0x0000000087b00000, 0x0000000087b00000| Complete 
| 124|0x0000000087c00000, 0x0000000087d00000, 0x0000000087d00000|100%| E|CS|TAMS 0x0000000087c00000, 0x0000000087c00000| Complete 
| 125|0x0000000087d00000, 0x0000000087e00000, 0x0000000087e00000|100%| E|CS|TAMS 0x0000000087d00000, 0x0000000087d00000| Complete 
| 126|0x0000000087e00000, 0x0000000087f00000, 0x0000000087f00000|100%| E|CS|TAMS 0x0000000087e00000, 0x0000000087e00000| Complete 
| 127|0x0000000087f00000, 0x0000000088000000, 0x0000000088000000|100%| E|CS|TAMS 0x0000000087f00000, 0x0000000087f00000| Complete 

Card table byte_map: [0x0000025b21550000,0x0000025b21950000] _byte_map_base: 0x0000025b21150000

Marking Bits (Prev, Next): (CMBitMap*) 0x0000025b0e50d8b0, (CMBitMap*) 0x0000025b0e50d870
 Prev Bits: [0x0000025b23d50000, 0x0000025b25d50000)
 Next Bits: [0x0000025b21d50000, 0x0000025b23d50000)

Polling page: 0x0000025b0c360000

Metaspace:

Usage:
  Non-class:     21.19 MB used.
      Class:      2.50 MB used.
       Both:     23.69 MB used.

Virtual space:
  Non-class space:       64.00 MB reserved,      21.31 MB ( 33%) committed,  1 nodes.
      Class space:        1.00 GB reserved,       2.69 MB ( <1%) committed,  1 nodes.
             Both:        1.06 GB reserved,      24.00 MB (  2%) committed. 

Chunk freelists:
   Non-Class:  10.31 MB
       Class:  13.30 MB
        Both:  23.62 MB

MaxMetaspaceSize: unlimited
CompressedClassSpaceSize: 1.00 GB
Initial GC threshold: 21.00 MB
Current GC threshold: 35.12 MB
CDS: off
MetaspaceReclaimPolicy: balanced
 - commit_granule_bytes: 65536.
 - commit_granule_words: 8192.
 - virtual_space_node_default_size: 8388608.
 - enlarge_chunks_in_place: 1.
 - new_chunks_are_fully_committed: 0.
 - uncommit_free_chunks: 1.
 - use_allocation_guard: 0.
 - handle_deallocations: 1.


Internal statistics:

num_allocs_failed_limit: 3.
num_arena_births: 366.
num_arena_deaths: 0.
num_vsnodes_births: 2.
num_vsnodes_deaths: 0.
num_space_committed: 384.
num_space_uncommitted: 0.
num_chunks_returned_to_freelist: 3.
num_chunks_taken_from_freelist: 783.
num_chunk_merges: 3.
num_chunk_splits: 439.
num_chunks_enlarged: 183.
num_inconsistent_stats: 0.

CodeHeap 'non-profiled nmethods': size=120000Kb used=1317Kb max_used=1317Kb free=118682Kb
 bounds [0x0000025b196d0000, 0x0000025b19940000, 0x0000025b20c00000]
CodeHeap 'profiled nmethods': size=120000Kb used=5019Kb max_used=5019Kb free=114980Kb
 bounds [0x0000025b11c00000, 0x0000025b120f0000, 0x0000025b19130000]
CodeHeap 'non-nmethods': size=5760Kb used=1243Kb max_used=1323Kb free=4516Kb
 bounds [0x0000025b19130000, 0x0000025b193a0000, 0x0000025b196d0000]
 total_blobs=3138 nmethods=2590 adapters=460
 compilation: enabled
              stopped_count=0, restarted_count=0
 full_count=0

Compilation events (20 events):
Event: 16.843 Thread 0x0000025b28ba3370 nmethod 2581 0x0000025b19818c90 code [0x0000025b19818e00, 0x0000025b19818e98]
Event: 16.845 Thread 0x0000025b28ba3e10 2582       3       java.util.ArrayList::<init> (63 bytes)
Event: 16.846 Thread 0x0000025b28ba3370 2583       4       java.util.ArrayList$Itr::next (66 bytes)
Event: 16.846 Thread 0x0000025b28ba3e10 nmethod 2582 0x0000025b120e4a10 code [0x0000025b120e4c00, 0x0000025b120e5178]
Event: 16.846 Thread 0x0000025b28ba3e10 2584  s    3       java.util.Vector::isEmpty (13 bytes)
Event: 16.846 Thread 0x0000025b28ba3e10 nmethod 2584 0x0000025b120e5310 code [0x0000025b120e54a0, 0x0000025b120e56b8]
Event: 16.846 Thread 0x0000025b28ba3e10 2585       3       java.util.Vector$1::hasMoreElements (20 bytes)
Event: 16.846 Thread 0x0000025b28ba3e10 nmethod 2585 0x0000025b120e5790 code [0x0000025b120e5920, 0x0000025b120e5a98]
Event: 16.846 Thread 0x0000025b28ba3e10 2586       3       java.util.concurrent.ConcurrentHashMap$Traverser::<init> (36 bytes)
Event: 16.847 Thread 0x0000025b28ba3e10 nmethod 2586 0x0000025b120e5b90 code [0x0000025b120e5d20, 0x0000025b120e5f18]
Event: 16.847 Thread 0x0000025b28ba3e10 2587       3       java.util.concurrent.ConcurrentHashMap$BaseIterator::<init> (21 bytes)
Event: 16.847 Thread 0x0000025b28ba3e10 nmethod 2587 0x0000025b120e6010 code [0x0000025b120e61c0, 0x0000025b120e6398]
Event: 16.847 Thread 0x0000025b28ba3e10 2588  s    3       sun.rmi.transport.Target::unpinImpl (25 bytes)
Event: 16.847 Thread 0x0000025b28ba3e10 nmethod 2588 0x0000025b120e6490 code [0x0000025b120e6660, 0x0000025b120e6a88]
Event: 16.847 Thread 0x0000025b28ba3370 nmethod 2583 0x0000025b19818f90 code [0x0000025b19819120, 0x0000025b19819278]
Event: 16.847 Thread 0x0000025b28ba3370 2589       4       java.util.ArrayList$Itr::checkForComodification (23 bytes)
Event: 16.848 Thread 0x0000025b28ba3370 nmethod 2589 0x0000025b19819410 code [0x0000025b19819580, 0x0000025b19819638]
Event: 16.994 Thread 0x0000025b28ba3e10 2590       3       java.lang.StringBuilder::append (10 bytes)
Event: 16.994 Thread 0x0000025b28ba3e10 nmethod 2590 0x0000025b120e6c10 code [0x0000025b120e6da0, 0x0000025b120e6ee8]
Event: 23.823 Thread 0x0000025b28ba3370 2591       4       java.io.ObjectInputStream::readClassDesc (121 bytes)

GC Heap History (4 events):
Event: 3.190 GC heap before
{Heap before GC invocations=0 (full 0):
 garbage-first heap   total 131072K, used 23552K [0x0000000080000000, 0x0000000100000000)
  region size 1024K, 22 young (22528K), 0 survivors (0K)
 Metaspace       used 21268K, committed 21504K, reserved 1114112K
  class space    used 2317K, committed 2432K, reserved 1048576K
}
Event: 3.198 GC heap after
{Heap after GC invocations=1 (full 0):
 garbage-first heap   total 131072K, used 8552K [0x0000000080000000, 0x0000000100000000)
  region size 1024K, 3 young (3072K), 3 survivors (3072K)
 Metaspace       used 21268K, committed 21504K, reserved 1114112K
  class space    used 2317K, committed 2432K, reserved 1048576K
}
Event: 9.923 GC heap before
{Heap before GC invocations=2 (full 0):
 garbage-first heap   total 131072K, used 26984K [0x0000000080000000, 0x0000000100000000)
  region size 1024K, 21 young (21504K), 3 survivors (3072K)
 Metaspace       used 24057K, committed 24384K, reserved 1114112K
  class space    used 2550K, committed 2752K, reserved 1048576K
}
Event: 9.928 GC heap after
{Heap after GC invocations=3 (full 0):
 garbage-first heap   total 131072K, used 10057K [0x0000000080000000, 0x0000000100000000)
  region size 1024K, 2 young (2048K), 2 survivors (2048K)
 Metaspace       used 24057K, committed 24384K, reserved 1114112K
  class space    used 2550K, committed 2752K, reserved 1048576K
}

Dll operation events (1 events):
Event: 0.014 Loaded shared library E:\Program Files\JetBrains\PhpStorm 2023.2\jbr\bin\java.dll

Deoptimization events (20 events):
Event: 3.971 Thread 0x0000025b2d321470 DEOPT PACKING pc=0x0000025b197455ec sp=0x000000b1f95fe940
Event: 3.971 Thread 0x0000025b2d321470 DEOPT UNPACKING pc=0x0000025b191869a3 sp=0x000000b1f95fe8b8 mode 2
Event: 3.985 Thread 0x0000025b2d321470 Uncommon trap: trap_request=0xffffff45 fr.pc=0x0000025b19722dcc relative=0x000000000000570c
Event: 3.985 Thread 0x0000025b2d321470 Uncommon trap: reason=unstable_if action=reinterpret pc=0x0000025b19722dcc method=jdk.internal.org.objectweb.asm.Frame.execute(IILjdk/internal/org/objectweb/asm/Symbol;Ljdk/internal/org/objectweb/asm/SymbolTable;)V @ 1 c2
Event: 3.985 Thread 0x0000025b2d321470 DEOPT PACKING pc=0x0000025b19722dcc sp=0x000000b1f95fd490
Event: 3.985 Thread 0x0000025b2d321470 DEOPT UNPACKING pc=0x0000025b191869a3 sp=0x000000b1f95fd428 mode 2
Event: 4.008 Thread 0x0000025b2d321470 Uncommon trap: trap_request=0xffffffc6 fr.pc=0x0000025b197455ec relative=0x000000000000042c
Event: 4.008 Thread 0x0000025b2d321470 Uncommon trap: reason=bimorphic_or_optimized_type_check action=maybe_recompile pc=0x0000025b197455ec method=java.util.HashMap.getNode(Ljava/lang/Object;)Ljava/util/HashMap$Node; @ 128 c2
Event: 4.008 Thread 0x0000025b2d321470 DEOPT PACKING pc=0x0000025b197455ec sp=0x000000b1f95fd820
Event: 4.008 Thread 0x0000025b2d321470 DEOPT UNPACKING pc=0x0000025b191869a3 sp=0x000000b1f95fd798 mode 2
Event: 4.010 Thread 0x0000025b2d321470 Uncommon trap: trap_request=0xffffffc6 fr.pc=0x0000025b197455ec relative=0x000000000000042c
Event: 4.010 Thread 0x0000025b2d321470 Uncommon trap: reason=bimorphic_or_optimized_type_check action=maybe_recompile pc=0x0000025b197455ec method=java.util.HashMap.getNode(Ljava/lang/Object;)Ljava/util/HashMap$Node; @ 128 c2
Event: 4.010 Thread 0x0000025b2d321470 DEOPT PACKING pc=0x0000025b197455ec sp=0x000000b1f95fe660
Event: 4.010 Thread 0x0000025b2d321470 DEOPT UNPACKING pc=0x0000025b191869a3 sp=0x000000b1f95fe5d8 mode 2
Event: 4.710 Thread 0x0000025b2d321470 DEOPT PACKING pc=0x0000025b11c8feba sp=0x000000b1f95fd8f0
Event: 4.710 Thread 0x0000025b2d321470 DEOPT UNPACKING pc=0x0000025b19187143 sp=0x000000b1f95fcd68 mode 0
Event: 5.879 Thread 0x0000025b2d321470 DEOPT PACKING pc=0x0000025b11dff83e sp=0x000000b1f95fce40
Event: 5.879 Thread 0x0000025b2d321470 DEOPT UNPACKING pc=0x0000025b19187143 sp=0x000000b1f95fc270 mode 0
Event: 11.167 Thread 0x0000025b2d321470 DEOPT PACKING pc=0x0000025b11fff83a sp=0x000000b1f95fd670
Event: 11.167 Thread 0x0000025b2d321470 DEOPT UNPACKING pc=0x0000025b19187143 sp=0x000000b1f95fcb60 mode 0

Classes unloaded (0 events):
No events

Classes redefined (0 events):
No events

Internal exceptions (20 events):
Event: 1.019 Thread 0x0000025b2d321470 Exception <a 'java/lang/NoSuchMethodError'{0x000000008775d860}: 'void java.lang.invoke.Invokers$Holder.invoke_MT(java.lang.Object, java.lang.Object, java.lang.Object)'> (0x000000008775d860) 
thrown [s\src\hotspot\share\interpreter\linkResolver.cpp, line 771]
Event: 1.019 Thread 0x0000025b2d2c7b60 Exception <a 'java/lang/NoSuchMethodError'{0x00000000877f6830}: 'java.lang.Object java.lang.invoke.DirectMethodHandle$Holder.newInvokeSpecial(java.lang.Object, java.lang.Object, int, java.lang.Object, long)'> (0x00000000877f6830) 
thrown [s\src\hotspot\share\interpreter\linkResolver.cpp, line 771]
Event: 1.158 Thread 0x0000025b2d321470 Exception <a 'java/lang/NoSuchMethodError'{0x000000008732e498}: 'java.lang.Object java.lang.invoke.DirectMethodHandle$Holder.invokeVirtual(java.lang.Object, java.lang.Object, java.lang.Object, java.lang.Object)'> (0x000000008732e498) 
thrown [s\src\hotspot\share\interpreter\linkResolver.cpp, line 771]
Event: 1.160 Thread 0x0000025b2d321470 Exception <a 'java/lang/NoSuchMethodError'{0x0000000087336d08}: 'void java.lang.invoke.DirectMethodHandle$Holder.invokeStatic(java.lang.Object, java.lang.Object, java.lang.Object, java.lang.Object)'> (0x0000000087336d08) 
thrown [s\src\hotspot\share\interpreter\linkResolver.cpp, line 771]
Event: 1.176 Thread 0x0000025b2d321470 Exception <a 'java/lang/NoSuchMethodError'{0x00000000873a0578}: 'int java.lang.invoke.DirectMethodHandle$Holder.invokeStaticInit(java.lang.Object, java.lang.Object, java.lang.Object, java.lang.Object)'> (0x00000000873a0578) 
thrown [s\src\hotspot\share\interpreter\linkResolver.cpp, line 771]
Event: 1.177 Thread 0x0000025b2d321470 Exception <a 'java/lang/NoSuchMethodError'{0x00000000873a9aa0}: 'java.lang.Object java.lang.invoke.DirectMethodHandle$Holder.invokeInterface(java.lang.Object, java.lang.Object)'> (0x00000000873a9aa0) 
thrown [s\src\hotspot\share\interpreter\linkResolver.cpp, line 771]
Event: 1.177 Thread 0x0000025b2d321470 Exception <a 'java/lang/IncompatibleClassChangeError'{0x00000000873ad298}: Found class java.lang.Object, but interface was expected> (0x00000000873ad298) 
thrown [s\src\hotspot\share\interpreter\linkResolver.cpp, line 838]
Event: 1.178 Thread 0x0000025b2d321470 Exception <a 'java/lang/NoSuchMethodError'{0x00000000873b29a8}: 'int java.lang.invoke.DirectMethodHandle$Holder.invokeStaticInit(java.lang.Object, java.lang.Object)'> (0x00000000873b29a8) 
thrown [s\src\hotspot\share\interpreter\linkResolver.cpp, line 771]
Event: 1.654 Thread 0x0000025b2d321470 Exception <a 'sun/nio/fs/WindowsException'{0x0000000087191400}> (0x0000000087191400) 
thrown [s\src\hotspot\share\prims\jni.cpp, line 517]
Event: 3.574 Thread 0x0000025b2d321470 Exception <a 'java/lang/NoSuchMethodError'{0x0000000087ecb578}: 'java.lang.Object java.lang.invoke.DirectMethodHandle$Holder.invokeStaticInit(java.lang.Object, java.lang.Object, java.lang.Object)'> (0x0000000087ecb578) 
thrown [s\src\hotspot\share\interpreter\linkResolver.cpp, line 771]
Event: 3.587 Thread 0x0000025b2d321470 Exception <a 'java/lang/NoSuchMethodError'{0x0000000087d24220}: 'java.lang.Object java.lang.invoke.DirectMethodHandle$Holder.newInvokeSpecial(java.lang.Object, java.lang.Object, int)'> (0x0000000087d24220) 
thrown [s\src\hotspot\share\interpreter\linkResolver.cpp, line 771]
Event: 4.403 Thread 0x0000025b2d321470 Exception <a 'java/lang/NoSuchMethodError'{0x0000000087896d40}: static [Ljava/lang/Object;.<clinit>()V> (0x0000000087896d40) 
thrown [s\src\hotspot\share\prims\jni.cpp, line 1108]
Event: 4.673 Thread 0x0000025b2d321470 Exception <a 'java/lang/NoSuchMethodError'{0x00000000877932f0}: static Lcom/intellij/database/remote/jdba/core/ConnectionInfo;.<clinit>()V> (0x00000000877932f0) 
thrown [s\src\hotspot\share\prims\jni.cpp, line 1108]
Event: 4.674 Thread 0x0000025b2d321470 Exception <a 'java/lang/NoSuchMethodError'{0x000000008779d6a8}: static Ljava/lang/Object;.<clinit>()V> (0x000000008779d6a8) 
thrown [s\src\hotspot\share\prims\jni.cpp, line 1108]
Event: 4.674 Thread 0x0000025b2d321470 Exception <a 'java/lang/NoSuchMethodError'{0x00000000877a11f8}: static [I.<clinit>()V> (0x00000000877a11f8) 
thrown [s\src\hotspot\share\prims\jni.cpp, line 1108]
Event: 4.949 Thread 0x0000025b2d321470 Exception <a 'java/lang/NoSuchMethodError'{0x00000000876bc5a8}: static Lcom/intellij/database/remote/jdba/core/ResultLayout;.<clinit>()V> (0x00000000876bc5a8) 
thrown [s\src\hotspot\share\prims\jni.cpp, line 1108]
Event: 4.950 Thread 0x0000025b2d321470 Exception <a 'java/lang/NoSuchMethodError'{0x00000000876c8ef0}: static Lcom/intellij/database/remote/jdba/core/RowLayout;.<clinit>()V> (0x00000000876c8ef0) 
thrown [s\src\hotspot\share\prims\jni.cpp, line 1108]
Event: 4.952 Thread 0x0000025b2d321470 Exception <a 'java/lang/NoSuchMethodError'{0x00000000876d5988}: static Lcom/intellij/database/remote/jdba/util/NameAndClass;.<clinit>()V> (0x00000000876d5988) 
thrown [s\src\hotspot\share\prims\jni.cpp, line 1108]
Event: 8.020 Thread 0x0000025b2d321470 Exception <a 'java/lang/NoSuchMethodError'{0x00000000872de140}: static [Ljava/lang/String;.<clinit>()V> (0x00000000872de140) 
thrown [s\src\hotspot\share\prims\jni.cpp, line 1108]
Event: 16.669 Thread 0x0000025b2d321470 Exception <a 'java/lang/NoSuchMethodError'{0x0000000086e558b8}: static [J.<clinit>()V> (0x0000000086e558b8) 
thrown [s\src\hotspot\share\prims\jni.cpp, line 1108]

VM Operations (20 events):
Event: 9.445 Executing VM operation: Cleanup
Event: 9.445 Executing VM operation: Cleanup done
Event: 9.923 Executing VM operation: G1CollectForAllocation
Event: 9.929 Executing VM operation: G1CollectForAllocation done
Event: 10.939 Executing VM operation: Cleanup
Event: 10.939 Executing VM operation: Cleanup done
Event: 11.943 Executing VM operation: Cleanup
Event: 11.943 Executing VM operation: Cleanup done
Event: 12.958 Executing VM operation: Cleanup
Event: 12.958 Executing VM operation: Cleanup done
Event: 13.963 Executing VM operation: Cleanup
Event: 13.963 Executing VM operation: Cleanup done
Event: 14.971 Executing VM operation: Cleanup
Event: 14.971 Executing VM operation: Cleanup done
Event: 16.032 Executing VM operation: HandshakeAllThreads
Event: 16.032 Executing VM operation: HandshakeAllThreads done
Event: 17.039 Executing VM operation: Cleanup
Event: 17.039 Executing VM operation: Cleanup done
Event: 19.053 Executing VM operation: Cleanup
Event: 19.053 Executing VM operation: Cleanup done

Events (20 events):
Event: 16.828 Thread 0x0000025b28f02310 Thread added: 0x0000025b28f02310
Event: 16.829 Thread 0x0000025b2d2c7690 Thread exited: 0x0000025b2d2c7690
Event: 16.829 Thread 0x0000025b2d2c9370 Thread exited: 0x0000025b2d2c9370
Event: 16.829 Thread 0x0000025b2d2c9d10 Thread exited: 0x0000025b2d2c9d10
Event: 16.830 Thread 0x0000025b2d2c8500 Thread exited: 0x0000025b2d2c8500
Event: 16.830 Thread 0x0000025b28f01970 Thread exited: 0x0000025b28f01970
Event: 16.830 Thread 0x0000025b2d2c6820 Thread exited: 0x0000025b2d2c6820
Event: 16.831 Thread 0x0000025b2d2c8030 Thread exited: 0x0000025b2d2c8030
Event: 16.832 Thread 0x0000025b2d2c89d0 Thread exited: 0x0000025b2d2c89d0
Event: 16.832 Thread 0x0000025b2d2c8ea0 Thread exited: 0x0000025b2d2c8ea0
Event: 16.832 Thread 0x0000025b28f03180 Thread exited: 0x0000025b28f03180
Event: 16.832 Thread 0x0000025b28f02310 Thread exited: 0x0000025b28f02310
Event: 16.847 loading class sun/security/ssl/Alert
Event: 16.848 loading class sun/security/ssl/Alert done
Event: 16.848 loading class sun/security/ssl/Alert$AlertConsumer
Event: 16.848 loading class sun/security/ssl/Alert$AlertConsumer done
Event: 16.848 loading class sun/security/ssl/Alert$Level
Event: 16.848 loading class sun/security/ssl/Alert$Level done
Event: 23.823 Thread 0x0000025b2d2c89d0 Thread added: 0x0000025b2d2c89d0
Event: 23.823 Thread 0x0000025b2d2c89d0 Thread exited: 0x0000025b2d2c89d0


Dynamic libraries:
0x00007ff768130000 - 0x00007ff76813a000 	E:\Program Files\JetBrains\PhpStorm 2023.2\jbr\bin\java.exe
0x00007ffb19730000 - 0x00007ffb19928000 	C:\WINDOWS\SYSTEM32\ntdll.dll
0x00007ffb18d40000 - 0x00007ffb18dff000 	C:\WINDOWS\System32\KERNEL32.DLL
0x00007ffb172c0000 - 0x00007ffb17592000 	C:\WINDOWS\System32\KERNELBASE.dll
0x00007ffb14590000 - 0x00007ffb14620000 	C:\WINDOWS\SYSTEM32\apphelp.dll
0x00007ffb171c0000 - 0x00007ffb172c0000 	C:\WINDOWS\System32\ucrtbase.dll
0x00007ffb12660000 - 0x00007ffb1267b000 	E:\Program Files\JetBrains\PhpStorm 2023.2\jbr\bin\VCRUNTIME140.dll
0x00007ffaff2e0000 - 0x00007ffaff2f7000 	E:\Program Files\JetBrains\PhpStorm 2023.2\jbr\bin\jli.dll
0x00007ffb17e10000 - 0x00007ffb17fb1000 	C:\WINDOWS\System32\USER32.dll
0x00007ffb16e30000 - 0x00007ffb16e52000 	C:\WINDOWS\System32\win32u.dll
0x00007ffb065d0000 - 0x00007ffb0686a000 	C:\WINDOWS\WinSxS\amd64_microsoft.windows.common-controls_6595b64144ccf1df_6.0.19041.1110_none_60b5254171f9507e\COMCTL32.dll
0x00007ffb18bc0000 - 0x00007ffb18beb000 	C:\WINDOWS\System32\GDI32.dll
0x00007ffb18ac0000 - 0x00007ffb18b5e000 	C:\WINDOWS\System32\msvcrt.dll
0x00007ffb16ed0000 - 0x00007ffb16fdf000 	C:\WINDOWS\System32\gdi32full.dll
0x00007ffb17120000 - 0x00007ffb171bd000 	C:\WINDOWS\System32\msvcp_win.dll
0x00007ffb18e60000 - 0x00007ffb18e90000 	C:\WINDOWS\System32\IMM32.DLL
0x0000000064ce0000 - 0x0000000064cec000 	D:\Program Files\360\Total Security\safemon\SafeWrapper.dll
0x00007ffb18c90000 - 0x00007ffb18d3e000 	C:\WINDOWS\System32\ADVAPI32.dll
0x00007ffb18bf0000 - 0x00007ffb18c8c000 	C:\WINDOWS\System32\sechost.dll
0x00007ffb190a0000 - 0x00007ffb191c4000 	C:\WINDOWS\System32\RPCRT4.dll
0x00007ffadecb0000 - 0x00007ffaded5c000 	D:\Program Files\360\Total Security\safemon\libzdtp64.dll
0x00007ffb180f0000 - 0x00007ffb18835000 	C:\WINDOWS\System32\SHELL32.dll
0x00007ffb19690000 - 0x00007ffb196e5000 	C:\WINDOWS\System32\SHLWAPI.dll
0x00007ffb169e0000 - 0x00007ffb169ea000 	C:\WINDOWS\SYSTEM32\VERSION.dll
0x00007ffb103d0000 - 0x00007ffb103dc000 	E:\Program Files\JetBrains\PhpStorm 2023.2\jbr\bin\vcruntime140_1.dll
0x00007ffae2f70000 - 0x00007ffae2ffd000 	E:\Program Files\JetBrains\PhpStorm 2023.2\jbr\bin\msvcp140.dll
0x00007ffa9c360000 - 0x00007ffa9cfe0000 	E:\Program Files\JetBrains\PhpStorm 2023.2\jbr\bin\server\jvm.dll
0x00007ffaf25e0000 - 0x00007ffaf25e9000 	C:\WINDOWS\SYSTEM32\WSOCK32.dll
0x00007ffb08f00000 - 0x00007ffb08f27000 	C:\WINDOWS\SYSTEM32\WINMM.dll
0x00007ffb18a40000 - 0x00007ffb18aab000 	C:\WINDOWS\System32\WS2_32.dll
0x00007ffb14c40000 - 0x00007ffb14c52000 	C:\WINDOWS\SYSTEM32\kernel.appcore.dll
0x00007ffb0e590000 - 0x00007ffb0e59a000 	E:\Program Files\JetBrains\PhpStorm 2023.2\jbr\bin\jimage.dll
0x00007ffafdb80000 - 0x00007ffafdd64000 	C:\WINDOWS\SYSTEM32\DBGHELP.DLL
0x00007ffafc8b0000 - 0x00007ffafc8e5000 	C:\WINDOWS\SYSTEM32\dbgcore.DLL
0x00007ffb16fe0000 - 0x00007ffb17062000 	C:\WINDOWS\System32\bcryptPrimitives.dll
0x00007ffaff3d0000 - 0x00007ffaff3f5000 	E:\Program Files\JetBrains\PhpStorm 2023.2\jbr\bin\java.dll
0x00007ffb068c0000 - 0x00007ffb068d8000 	E:\Program Files\JetBrains\PhpStorm 2023.2\jbr\bin\zip.dll
0x00007ffb14e40000 - 0x00007ffb155d2000 	C:\WINDOWS\SYSTEM32\windows.storage.dll
0x00007ffb192a0000 - 0x00007ffb195f5000 	C:\WINDOWS\System32\combase.dll
0x00007ffb16740000 - 0x00007ffb16770000 	C:\WINDOWS\SYSTEM32\Wldp.dll
0x00007ffb17bf0000 - 0x00007ffb17c9d000 	C:\WINDOWS\System32\SHCORE.dll
0x00007ffb16d70000 - 0x00007ffb16d8f000 	C:\WINDOWS\SYSTEM32\profapi.dll
0x00007ffaff3b0000 - 0x00007ffaff3c9000 	E:\Program Files\JetBrains\PhpStorm 2023.2\jbr\bin\net.dll
0x00007ffb10840000 - 0x00007ffb1094a000 	C:\WINDOWS\SYSTEM32\WINHTTP.dll
0x00007ffb16520000 - 0x00007ffb1658a000 	C:\WINDOWS\system32\mswsock.dll
0x00007ffaff390000 - 0x00007ffaff3a6000 	E:\Program Files\JetBrains\PhpStorm 2023.2\jbr\bin\nio.dll
0x00007ffb161e0000 - 0x00007ffb1621b000 	C:\WINDOWS\SYSTEM32\IPHLPAPI.DLL
0x00007ffb18ab0000 - 0x00007ffb18ab8000 	C:\WINDOWS\System32\NSI.dll
0x00007ffb10e60000 - 0x00007ffb10e77000 	C:\WINDOWS\SYSTEM32\dhcpcsvc6.DLL
0x00007ffb10e40000 - 0x00007ffb10e5d000 	C:\WINDOWS\SYSTEM32\dhcpcsvc.DLL
0x00007ffb16220000 - 0x00007ffb162eb000 	C:\WINDOWS\SYSTEM32\DNSAPI.dll
0x00007ffb16780000 - 0x00007ffb16798000 	C:\WINDOWS\SYSTEM32\CRYPTSP.dll
0x00007ffb15df0000 - 0x00007ffb15e24000 	C:\WINDOWS\system32\rsaenh.dll
0x00007ffb17700000 - 0x00007ffb17727000 	C:\WINDOWS\System32\bcrypt.dll
0x00007ffb16cf0000 - 0x00007ffb16d1e000 	C:\WINDOWS\SYSTEM32\USERENV.dll
0x00007ffb166b0000 - 0x00007ffb166bc000 	C:\WINDOWS\SYSTEM32\CRYPTBASE.dll
0x00007ffb103c0000 - 0x00007ffb103c7000 	E:\Program Files\JetBrains\PhpStorm 2023.2\jbr\bin\rmi.dll
0x0000000064fa0000 - 0x0000000064fc6000 	C:\Program Files\Bonjour\mdnsNSP.dll
0x00007ffb0f350000 - 0x00007ffb0f35a000 	C:\Windows\System32\rasadhlp.dll
0x00007ffb0df50000 - 0x00007ffb0dfd0000 	C:\WINDOWS\System32\fwpuclnt.dll
0x00007ffb06160000 - 0x00007ffb06169000 	E:\Program Files\JetBrains\PhpStorm 2023.2\jbr\bin\management.dll
0x00007ffb06000000 - 0x00007ffb0600b000 	E:\Program Files\JetBrains\PhpStorm 2023.2\jbr\bin\management_ext.dll
0x00007ffb17e00000 - 0x00007ffb17e08000 	C:\WINDOWS\System32\PSAPI.DLL
0x00007ffb08da0000 - 0x00007ffb08dae000 	E:\Program Files\JetBrains\PhpStorm 2023.2\jbr\bin\sunmscapi.dll
0x00007ffb175a0000 - 0x00007ffb176f6000 	C:\WINDOWS\System32\CRYPT32.dll
0x00007ffb16890000 - 0x00007ffb168b7000 	C:\WINDOWS\SYSTEM32\ncrypt.dll
0x00007ffb16850000 - 0x00007ffb1688b000 	C:\WINDOWS\SYSTEM32\NTASN1.dll

dbghelp: loaded successfully - version: 4.0.5 - missing functions: none
symbol engine: initialized successfully - sym options: 0x614 - pdb path: .;E:\Program Files\JetBrains\PhpStorm 2023.2\jbr\bin;C:\WINDOWS\SYSTEM32;C:\WINDOWS\WinSxS\amd64_microsoft.windows.common-controls_6595b64144ccf1df_6.0.19041.1110_none_60b5254171f9507e;D:\Program Files\360\Total Security\safemon;E:\Program Files\JetBrains\PhpStorm 2023.2\jbr\bin\server;C:\Program Files\Bonjour

VM Arguments:
jvm_args: -Djava.rmi.server.hostname=127.0.0.1 -Duser.timezone=UTC -Xmx2048m -Xms128m -Dhttp.proxyHost=localhost -Dhttp.proxyPort=80 -Dhttps.proxyHost=localhost -Dhttps.proxyPort=80 -Dhttp.nonProxyHosts=localhost|127.0.0.1 -Dhttps.nonProxyHosts=localhost|127.0.0.1 -Djna.boot.library.path=E:\Program Files\JetBrains\PhpStorm 2023.2/lib/jna/amd64 -Djna.nosys=true -Djna.noclasspath=true -Djdbc.classpath=E:\Program Files\JetBrains\PhpStorm 2023.2\plugins\DatabaseTools\lib\jdbc-console.jar;C:\Users\Krzychu\AppData\Roaming\JetBrains\PhpStorm2023.2\jdbc-drivers\PostgreSQL\42.6.0\org\postgresql\postgresql\42.6.0\postgresql-42.6.0.jar;C:\Users\Krzychu\AppData\Roaming\JetBrains\PhpStorm2023.2\jdbc-drivers\PostgreSQL\42.6.0\org\checkerframework\checker-qual\3.31.0\checker-qual-3.31.0.jar;C:\Users\Krzychu\AppData\Roaming\JetBrains\PhpStorm2023.2\jdbc-drivers\PostgreSQL\42.6.0\com\github\waffle\waffle-jna\1.9.1\waffle-jna-1.9.1.jar;C:\Users\Krzychu\AppData\Roaming\JetBrains\PhpStorm2023.2\jdbc-drivers\PostgreSQL\42.6.0\net\java\dev\jna\jna\4.5.1\jna-4.5.1.jar;C:\Users\Krzychu\AppData\Roaming\JetBrains\PhpStorm2023.2\jdbc-drivers\PostgreSQL\42.6.0\net\java\dev\jna\jna-platform\4.5.1\jna-platform-4.5.1.jar;C:\Users\Krzychu\AppData\Roaming\JetBrains\PhpStorm2023.2\jdbc-drivers\PostgreSQL\42.6.0\org\slf4j\jcl-over-slf4j\1.7.25\jcl-over-slf4j-1.7.25.jar;C:\Users\Krzychu\AppData\Roaming\JetBrains\PhpStorm2023.2\jdbc-drivers\PostgreSQL\42.6.0\org\slf4j\slf4j-api\1.7.25\slf4j-api-1.7.25.jar;C:\Users\Krzychu\AppData\Roaming\JetBrains\PhpStorm2023.2\jdbc-drivers\PostgreSQL\42.6.0\com\github\ben-manes\caffeine\caffeine\2.6.2\caffeine-2.6.2.jar --add-exports=java.desktop/sun.awt=ALL-UNNAMED --add-exports=java.desktop/java.awt.peer=ALL-UNNAMED --add-opens=java.desktop/java.awt=ALL-UNNAMED --add-opens=jdk.unsupported/sun.misc=ALL-UNNAMED --add-opens=java.base/java.nio=ALL-UNNAMED --add-opens=java.base/java.util=ALL-UNNAMED -Dfile.encoding=UTF-8 -Xmx2048M 
java_command: com.intellij.database.remote.RemoteJdbcServer org.postgresql.Driver
java_class_path (initial): E:\Program Files\JetBrains\PhpStorm 2023.2\lib\util_rt.jar;E:\Program Files\JetBrains\PhpStorm 2023.2\lib\util-8.jar;E:\Program Files\JetBrains\PhpStorm 2023.2\lib\groovy.jar;E:\Program Files\JetBrains\PhpStorm 2023.2\plugins\DatabaseTools\lib\jdbc-console.jar;E:\Program Files\JetBrains\PhpStorm 2023.2\plugins\grid-core-impl\lib\jdbc-console-types.jar;E:\Program Files\JetBrains\PhpStorm 2023.2\lib\util.jar;E:\Program Files\JetBrains\PhpStorm 2023.2\lib\bouncy-castle.jar
Launcher Type: SUN_STANDARD

[Global flags]
     intx CICompilerCount                          = 4                                         {product} {ergonomic}
     uint ConcGCThreads                            = 3                                         {product} {ergonomic}
     uint G1ConcRefinementThreads                  = 10                                        {product} {ergonomic}
   size_t G1HeapRegionSize                         = 1048576                                   {product} {ergonomic}
    uintx GCDrainStackTargetSize                   = 64                                        {product} {ergonomic}
   size_t InitialHeapSize                          = 134217728                                 {product} {command line}
   size_t MarkStackSize                            = 4194304                                   {product} {ergonomic}
   size_t MaxHeapSize                              = 2147483648                                {product} {command line}
   size_t MaxNewSize                               = 1287651328                                {product} {ergonomic}
   size_t MinHeapDeltaBytes                        = 1048576                                   {product} {ergonomic}
   size_t MinHeapSize                              = 134217728                                 {product} {command line}
    uintx NonNMethodCodeHeapSize                   = 5839372                                {pd product} {ergonomic}
    uintx NonProfiledCodeHeapSize                  = 122909434                              {pd product} {ergonomic}
    uintx ProfiledCodeHeapSize                     = 122909434                              {pd product} {ergonomic}
    uintx ReservedCodeCacheSize                    = 251658240                              {pd product} {ergonomic}
     bool SegmentedCodeCache                       = true                                      {product} {ergonomic}
   size_t SoftMaxHeapSize                          = 2147483648                             {manageable} {ergonomic}
     bool UseCompressedClassPointers               = true                           {product lp64_product} {ergonomic}
     bool UseCompressedOops                        = true                           {product lp64_product} {ergonomic}
     bool UseG1GC                                  = true                                      {product} {ergonomic}
     bool UseLargePagesIndividualAllocation        = false                                  {pd product} {ergonomic}

Logging:
Log output configuration:
 #0: stdout all=warning uptime,level,tags
 #1: stderr all=off uptime,level,tags

Environment Variables:
JAVA_HOME=E:\Program Files\Java\jdk-17\
_JAVA_OPTIONS=-Xmx2048M
PATH=C:\Program Files\Common Files\Oracle\Java\javapath;C:\Program Files (x86)\Common Files\Oracle\Java\javapath;E:\db\bin;C:\instantclient_19_10;E:\Program Files\PuTTY\;C:\ProgramData\chocolatey\bin;C:\Program Files\NVIDIA Corporation\NVIDIA NvDLISR;C:\Program Files (x86)\NVIDIA Corporation\PhysX\Common;C:\WINDOWS\system32;C:\WINDOWS;C:\WINDOWS\System32\Wbem;C:\WINDOWS\System32\WindowsPowerShell\v1.0\;C:\WINDOWS\System32\OpenSSH\;E:\Program Files\Git\cmd;E:\Program Files\nodejs\;E:\Program Files\Microsoft VS Code\bin;E:\composer;E:\metasploit-framework\bin;E:\metasploit-framework\metasploit-framework\bin\;E:\msf\metasploit\metasploit-framework\bin\;E:\google-cloud-sdk\bin;E:\Program Files\Java\jdk-17\bin;E:\Docker\Docker\resources\bin;C:\Users\Krzychu\Desktop\hashcat-6.2.6;C:\Program Files (x86)\Microsoft SQL Server\160\DTS\Binn\;C:\Users\Krzychu\.platformio\packages\toolchain-xtensa-esp32\bin;C:\Program Files\dotnet\;E:\Program Files\XamppPHP8.2\php;C:\Users\Krzychu\scoop\apps\openssl\current\bin;E:\Ruby32-x64\bin;C:\Users\Krzychu\scoop\shims;E:\Ruby31-x64\bin;C:\Users\Krzychu\AppData\Local\Programs\Python\Python310\Scripts\;C:\Users\Krzychu\AppData\Local\Programs\Python\Python310\;C:\Program Files (x86)\Haskell\bin;C:\ghc\ghc-7.4.2\bin;C:\ProgramData\ComposerSetup\bin;E:\Program Files\JetBrains\gradle-6.8.3\bin;C:\Users\Krzychu\AppData\Roaming\Composer\vendor\bin;C:\Users\Krzychu\AppData\Roaming\npm\;E:\Program Files\Java\jdk-17\\bin;%IntelliJ IDEA Community Edition%;C:\Program Files\NASM;C:\MinGW\bin;E:\Program Files\PhpStorm 2023.2\bin;C:\Users\Krzychu\AppData\Local\Microsoft\WindowsApps;E:\Program Files\JetBrains\PyCharm 2023.1.2\bin;E:\Program Files\JetBrains\IntelliJ IDEA 2022.1\bin;E:\ghcup\bin;C:\Users\Krzychu\AppData\Roaming\npm;E:\Program Files\heroku\bin;E:\Program Files\Nmap;C:\Windows\SysWow64\;E:\Program Files\xampp\php\php.exe;E:\flutter\bin;E:\Program Files\PostgreSQL15.1\bin;E:\Program Files (x86)\MongoDB Atlas CLI\;E:\Program Files\JetBrains\PyCharm
USERNAME=Krzychu
OS=Windows_NT
PROCESSOR_IDENTIFIER=Intel64 Family 6 Model 158 Stepping 13, GenuineIntel
TMP=C:\Users\Krzychu\AppData\Local\Temp
TEMP=C:\Users\Krzychu\AppData\Local\Temp


JNI global refs:
JNI global refs: 18, weak refs: 0

JNI global refs memory usage: 843, weak refs: 209

OOME stack traces (most recent first):
Classloader memory used:
Loader bootstrap                                                                       : 2445K
Loader jdk.internal.loader.ClassLoaders$AppClassLoader                                 : 253K
Loader com.intellij.database.remote.jdbc.impl.JdbcClassLoader$JdbcClassLoaderImpl      : 221K
Loader jdk.internal.loader.ClassLoaders$PlatformClassLoader                            : 83295B
Loader jdk.internal.reflect.DelegatingClassLoader                                      : 30398B


---------------  S Y S T E M  ---------------

OS:
 Windows 10 , 64 bit Build 19041 (10.0.19041.2546)
OS uptime: 0 days 9:21 hours
Hyper-V role detected

CPU: total 12 (initial active 12) (6 cores per cpu, 2 threads per core) family 6 model 158 stepping 13 microcode 0xb8, cx8, cmov, fxsr, ht, mmx, 3dnowpref, sse, sse2, sse3, ssse3, sse4.1, sse4.2, popcnt, lzcnt, tsc, tscinvbit, avx, avx2, aes, erms, clmul, bmi1, bmi2, adx, fma, vzeroupper, clflush, clflushopt, hv

Memory: 4k page, system-wide physical 32610M (5769M free)
TotalPageFile size 38979M (AvailPageFile size 262M)
current process WorkingSet (physical memory assigned to process): 112M, peak: 139M
current process commit charge ("private bytes"): 245M, peak: 272M

vm_info: OpenJDK 64-Bit Server VM (17.0.7+7-b1000.6) for windows-amd64 JRE (17.0.7+7-b1000.6), built on 2023-07-07 by "builduser" with MS VC++ 16.10 / 16.11 (VS2019)

END.
